d:\programming\cuda\cuda3\x64\debug\cuda3.lib
d:\programming\cuda\cuda3\x64\debug\cuda3.exp
x64\debug\main.cu.obj
x64\debug\user_program.cu.obj
x64\debug\virtual_memory.cu.obj
d:\programming\cuda\cuda3\x64\debug\cuda3.ilk
d:\programming\cuda\cuda3\x64\debug\cuda3.exe
d:\programming\cuda\cuda3\x64\debug\cuda3.pdb
d:\programming\cuda\cuda3\cuda3\x64\debug\main.cu.cache
d:\programming\cuda\cuda3\cuda3\x64\debug\user_program.cu.cache
d:\programming\cuda\cuda3\cuda3\x64\debug\virtual_memory.cu.cache
d:\programming\cuda\cuda3\cuda3\x64\debug\cuda3.device-link.obj
d:\programming\cuda\cuda3\cuda3\x64\debug\main.cu.obj
d:\programming\cuda\cuda3\cuda3\x64\debug\user_program.cu.obj
d:\programming\cuda\cuda3\cuda3\x64\debug\virtual_memory.cu.obj
d:\programming\cuda\cuda3\cuda3\x64\debug\vc140.pdb
d:\programming\cuda\cuda3\cuda3\x64\debug\vc141.pdb
d:\programming\cuda\cuda3\cuda3\x64\debug\cuda3.tlog\cuda3.write.1u.tlog
d:\programming\cuda\cuda3\cuda3\x64\debug\cuda3.tlog\cudacompile.read.1u.tlog
d:\programming\cuda\cuda3\cuda3\x64\debug\cuda3.tlog\cudacompile.write.1u.tlog
d:\programming\cuda\cuda3\cuda3\x64\debug\cuda3.tlog\link.command.1.tlog
d:\programming\cuda\cuda3\cuda3\x64\debug\cuda3.tlog\link.read.1.tlog
d:\programming\cuda\cuda3\cuda3\x64\debug\cuda3.tlog\link.write.1.tlog
