d:\programming\cuda\cuda5\x64\debug\cuda5.lib
d:\programming\cuda\cuda5\x64\debug\cuda5.exp
x64\debug\file_system.cu.obj
x64\debug\main.cu.obj
x64\debug\user_program.cu.obj
d:\programming\cuda\cuda5\x64\debug\cuda5.ilk
d:\programming\cuda\cuda5\x64\debug\cuda5.exe
d:\programming\cuda\cuda5\x64\debug\cuda5.pdb
d:\programming\cuda\cuda5\cuda5\x64\debug\file_system.cu.cache
d:\programming\cuda\cuda5\cuda5\x64\debug\main.cu.cache
d:\programming\cuda\cuda5\cuda5\x64\debug\user_program.cu.cache
d:\programming\cuda\cuda5\cuda5\x64\debug\cuda5.device-link.obj
d:\programming\cuda\cuda5\cuda5\x64\debug\file_system.cu.obj
d:\programming\cuda\cuda5\cuda5\x64\debug\main.cu.obj
d:\programming\cuda\cuda5\cuda5\x64\debug\user_program.cu.obj
d:\programming\cuda\cuda5\cuda5\x64\debug\vc140.pdb
d:\programming\cuda\cuda5\cuda5\x64\debug\cuda5.tlog\cuda5.write.1u.tlog
d:\programming\cuda\cuda5\cuda5\x64\debug\cuda5.tlog\cudacompile.read.1u.tlog
d:\programming\cuda\cuda5\cuda5\x64\debug\cuda5.tlog\cudacompile.write.1u.tlog
d:\programming\cuda\cuda5\cuda5\x64\debug\cuda5.tlog\link.command.1.tlog
d:\programming\cuda\cuda5\cuda5\x64\debug\cuda5.tlog\link.read.1.tlog
d:\programming\cuda\cuda5\cuda5\x64\debug\cuda5.tlog\link.write.1.tlog
